[2023-03-28 16:13:42] laravel.EMERGENCY: Unable to create configured logger. Using emergency logger. {"exception":"[object] (InvalidArgumentException(code: 0): Log [] is not defined. at /Users/roman/ws/sandbox/salla/Laravel-Challange-aadshalshihry-5857/vendor/laravel/framework/src/Illuminate/Log/LogManager.php:212)
[stacktrace]
#0 /Users/roman/ws/sandbox/salla/Laravel-Challange-aadshalshihry-5857/vendor/laravel/framework/src/Illuminate/Log/LogManager.php(137): Illuminate\\Log\\LogManager->resolve(NULL, NULL)
#1 /Users/roman/ws/sandbox/salla/Laravel-Challange-aadshalshihry-5857/vendor/laravel/framework/src/Illuminate/Log/LogManager.php(124): Illuminate\\Log\\LogManager->get(NULL)
#2 /Users/roman/ws/sandbox/salla/Laravel-Challange-aadshalshihry-5857/vendor/laravel/framework/src/Illuminate/Log/LogManager.php(667): Illuminate\\Log\\LogManager->driver()
#3 /Users/roman/ws/sandbox/salla/Laravel-Challange-aadshalshihry-5857/vendor/laravel/framework/src/Illuminate/Foundation/Exceptions/Handler.php(274): Illuminate\\Log\\LogManager->error('The \"\" director...', Array)
#4 /Users/roman/ws/sandbox/salla/Laravel-Challange-aadshalshihry-5857/vendor/laravel/framework/src/Illuminate/Foundation/Console/Kernel.php(503): Illuminate\\Foundation\\Exceptions\\Handler->report(Object(Symfony\\Component\\Finder\\Exception\\DirectoryNotFoundException))
#5 /Users/roman/ws/sandbox/salla/Laravel-Challange-aadshalshihry-5857/vendor/laravel/framework/src/Illuminate/Foundation/Console/Kernel.php(202): Illuminate\\Foundation\\Console\\Kernel->reportException(Object(Symfony\\Component\\Finder\\Exception\\DirectoryNotFoundException))
#6 /Users/roman/ws/sandbox/salla/Laravel-Challange-aadshalshihry-5857/artisan(37): Illuminate\\Foundation\\Console\\Kernel->handle(Object(Symfony\\Component\\Console\\Input\\ArgvInput), Object(Symfony\\Component\\Console\\Output\\ConsoleOutput))
#7 {main}
"} 
[2023-03-28 16:13:42] laravel.ERROR: The "" directory does not exist. {"exception":"[object] (Symfony\\Component\\Finder\\Exception\\DirectoryNotFoundException(code: 0): The \"\" directory does not exist. at /Users/roman/ws/sandbox/salla/Laravel-Challange-aadshalshihry-5857/vendor/symfony/finder/Finder.php:638)
[stacktrace]
#0 /Users/roman/ws/sandbox/salla/Laravel-Challange-aadshalshihry-5857/vendor/laravel/framework/src/Illuminate/Foundation/Bootstrap/LoadConfiguration.php(86): Symfony\\Component\\Finder\\Finder->in('')
#1 /Users/roman/ws/sandbox/salla/Laravel-Challange-aadshalshihry-5857/vendor/laravel/framework/src/Illuminate/Foundation/Bootstrap/LoadConfiguration.php(63): Illuminate\\Foundation\\Bootstrap\\LoadConfiguration->getConfigurationFiles(Object(Illuminate\\Foundation\\Application))
#2 /Users/roman/ws/sandbox/salla/Laravel-Challange-aadshalshihry-5857/vendor/laravel/framework/src/Illuminate/Foundation/Bootstrap/LoadConfiguration.php(39): Illuminate\\Foundation\\Bootstrap\\LoadConfiguration->loadConfigurationFiles(Object(Illuminate\\Foundation\\Application), Object(Illuminate\\Config\\Repository))
#3 /Users/roman/ws/sandbox/salla/Laravel-Challange-aadshalshihry-5857/vendor/laravel/framework/src/Illuminate/Foundation/Application.php(261): Illuminate\\Foundation\\Bootstrap\\LoadConfiguration->bootstrap(Object(Illuminate\\Foundation\\Application))
#4 /Users/roman/ws/sandbox/salla/Laravel-Challange-aadshalshihry-5857/vendor/laravel/framework/src/Illuminate/Foundation/Console/Kernel.php(428): Illuminate\\Foundation\\Application->bootstrapWith(Array)
#5 /Users/roman/ws/sandbox/salla/Laravel-Challange-aadshalshihry-5857/vendor/laravel/framework/src/Illuminate/Foundation/Console/Kernel.php(198): Illuminate\\Foundation\\Console\\Kernel->bootstrap()
#6 /Users/roman/ws/sandbox/salla/Laravel-Challange-aadshalshihry-5857/artisan(37): Illuminate\\Foundation\\Console\\Kernel->handle(Object(Symfony\\Component\\Console\\Input\\ArgvInput), Object(Symfony\\Component\\Console\\Output\\ConsoleOutput))
#7 {main}
"} 
[2023-03-28 16:14:52] production.ERROR: Class "App\Providers\AppServiceProvider" not found {"exception":"[object] (Error(code: 0): Class \"App\\Providers\\AppServiceProvider\" not found at /Users/roman/ws/sandbox/salla/Laravel-Challange-aadshalshihry-5857/vendor/laravel/framework/src/Illuminate/Foundation/ProviderRepository.php:206)
[stacktrace]
#0 /Users/roman/ws/sandbox/salla/Laravel-Challange-aadshalshihry-5857/vendor/laravel/framework/src/Illuminate/Foundation/ProviderRepository.php(142): Illuminate\\Foundation\\ProviderRepository->createProvider('App\\\\Providers\\\\A...')
#1 /Users/roman/ws/sandbox/salla/Laravel-Challange-aadshalshihry-5857/vendor/laravel/framework/src/Illuminate/Foundation/ProviderRepository.php(61): Illuminate\\Foundation\\ProviderRepository->compileManifest(Array)
#2 /Users/roman/ws/sandbox/salla/Laravel-Challange-aadshalshihry-5857/vendor/laravel/framework/src/Illuminate/Foundation/Application.php(741): Illuminate\\Foundation\\ProviderRepository->load(Array)
#3 /Users/roman/ws/sandbox/salla/Laravel-Challange-aadshalshihry-5857/vendor/laravel/framework/src/Illuminate/Foundation/Bootstrap/RegisterProviders.php(17): Illuminate\\Foundation\\Application->registerConfiguredProviders()
#4 /Users/roman/ws/sandbox/salla/Laravel-Challange-aadshalshihry-5857/vendor/laravel/framework/src/Illuminate/Foundation/Application.php(261): Illuminate\\Foundation\\Bootstrap\\RegisterProviders->bootstrap(Object(Illuminate\\Foundation\\Application))
#5 /Users/roman/ws/sandbox/salla/Laravel-Challange-aadshalshihry-5857/vendor/laravel/framework/src/Illuminate/Foundation/Console/Kernel.php(428): Illuminate\\Foundation\\Application->bootstrapWith(Array)
#6 /Users/roman/ws/sandbox/salla/Laravel-Challange-aadshalshihry-5857/vendor/laravel/framework/src/Illuminate/Foundation/Console/Kernel.php(198): Illuminate\\Foundation\\Console\\Kernel->bootstrap()
#7 /Users/roman/ws/sandbox/salla/Laravel-Challange-aadshalshihry-5857/artisan(37): Illuminate\\Foundation\\Console\\Kernel->handle(Object(Symfony\\Component\\Console\\Input\\ArgvInput), Object(Symfony\\Component\\Console\\Output\\ConsoleOutput))
#8 {main}
"} 
[2023-03-28 16:15:10] production.ERROR: Target class [App\Http\Kernel] does not exist. {"exception":"[object] (Illuminate\\Contracts\\Container\\BindingResolutionException(code: 0): Target class [App\\Http\\Kernel] does not exist. at /Users/roman/ws/sandbox/salla/Laravel-Challange-aadshalshihry-5857/vendor/laravel/framework/src/Illuminate/Container/Container.php:891)
[stacktrace]
#0 /Users/roman/ws/sandbox/salla/Laravel-Challange-aadshalshihry-5857/vendor/laravel/framework/src/Illuminate/Container/Container.php(770): Illuminate\\Container\\Container->build('App\\\\Http\\\\Kernel')
#1 /Users/roman/ws/sandbox/salla/Laravel-Challange-aadshalshihry-5857/vendor/laravel/framework/src/Illuminate/Foundation/Application.php(933): Illuminate\\Container\\Container->resolve('App\\\\Http\\\\Kernel', Array, false)
#2 /Users/roman/ws/sandbox/salla/Laravel-Challange-aadshalshihry-5857/vendor/laravel/framework/src/Illuminate/Container/Container.php(296): Illuminate\\Foundation\\Application->resolve('App\\\\Http\\\\Kernel', Array, false)
#3 /Users/roman/ws/sandbox/salla/Laravel-Challange-aadshalshihry-5857/vendor/laravel/framework/src/Illuminate/Container/Container.php(885): Illuminate\\Container\\Container->Illuminate\\Container\\{closure}(Object(Illuminate\\Foundation\\Application), Array)
#4 /Users/roman/ws/sandbox/salla/Laravel-Challange-aadshalshihry-5857/vendor/laravel/framework/src/Illuminate/Container/Container.php(770): Illuminate\\Container\\Container->build(Object(Closure))
#5 /Users/roman/ws/sandbox/salla/Laravel-Challange-aadshalshihry-5857/vendor/laravel/framework/src/Illuminate/Foundation/Application.php(933): Illuminate\\Container\\Container->resolve('Illuminate\\\\Cont...', Array, true)
#6 /Users/roman/ws/sandbox/salla/Laravel-Challange-aadshalshihry-5857/vendor/laravel/framework/src/Illuminate/Container/Container.php(706): Illuminate\\Foundation\\Application->resolve('Illuminate\\\\Cont...', Array)
#7 /Users/roman/ws/sandbox/salla/Laravel-Challange-aadshalshihry-5857/vendor/laravel/framework/src/Illuminate/Foundation/Application.php(918): Illuminate\\Container\\Container->make('Illuminate\\\\Cont...', Array)
#8 /Users/roman/ws/sandbox/salla/Laravel-Challange-aadshalshihry-5857/vendor/laravel/sanctum/src/SanctumServiceProvider.php(133): Illuminate\\Foundation\\Application->make('Illuminate\\\\Cont...')
#9 /Users/roman/ws/sandbox/salla/Laravel-Challange-aadshalshihry-5857/vendor/laravel/sanctum/src/SanctumServiceProvider.php(60): Laravel\\Sanctum\\SanctumServiceProvider->configureMiddleware()
#10 /Users/roman/ws/sandbox/salla/Laravel-Challange-aadshalshihry-5857/vendor/laravel/framework/src/Illuminate/Container/BoundMethod.php(36): Laravel\\Sanctum\\SanctumServiceProvider->boot()
#11 /Users/roman/ws/sandbox/salla/Laravel-Challange-aadshalshihry-5857/vendor/laravel/framework/src/Illuminate/Container/Util.php(41): Illuminate\\Container\\BoundMethod::Illuminate\\Container\\{closure}()
#12 /Users/roman/ws/sandbox/salla/Laravel-Challange-aadshalshihry-5857/vendor/laravel/framework/src/Illuminate/Container/BoundMethod.php(93): Illuminate\\Container\\Util::unwrapIfClosure(Object(Closure))
#13 /Users/roman/ws/sandbox/salla/Laravel-Challange-aadshalshihry-5857/vendor/laravel/framework/src/Illuminate/Container/BoundMethod.php(37): Illuminate\\Container\\BoundMethod::callBoundMethod(Object(Illuminate\\Foundation\\Application), Array, Object(Closure))
#14 /Users/roman/ws/sandbox/salla/Laravel-Challange-aadshalshihry-5857/vendor/laravel/framework/src/Illuminate/Container/Container.php(661): Illuminate\\Container\\BoundMethod::call(Object(Illuminate\\Foundation\\Application), Array, Array, NULL)
#15 /Users/roman/ws/sandbox/salla/Laravel-Challange-aadshalshihry-5857/vendor/laravel/framework/src/Illuminate/Foundation/Application.php(1006): Illuminate\\Container\\Container->call(Array)
#16 /Users/roman/ws/sandbox/salla/Laravel-Challange-aadshalshihry-5857/vendor/laravel/framework/src/Illuminate/Foundation/Application.php(987): Illuminate\\Foundation\\Application->bootProvider(Object(Laravel\\Sanctum\\SanctumServiceProvider))
#17 [internal function]: Illuminate\\Foundation\\Application->Illuminate\\Foundation\\{closure}(Object(Laravel\\Sanctum\\SanctumServiceProvider), 15)
#18 /Users/roman/ws/sandbox/salla/Laravel-Challange-aadshalshihry-5857/vendor/laravel/framework/src/Illuminate/Foundation/Application.php(988): array_walk(Array, Object(Closure))
#19 /Users/roman/ws/sandbox/salla/Laravel-Challange-aadshalshihry-5857/vendor/laravel/framework/src/Illuminate/Foundation/Bootstrap/BootProviders.php(17): Illuminate\\Foundation\\Application->boot()
#20 /Users/roman/ws/sandbox/salla/Laravel-Challange-aadshalshihry-5857/vendor/laravel/framework/src/Illuminate/Foundation/Application.php(261): Illuminate\\Foundation\\Bootstrap\\BootProviders->bootstrap(Object(Illuminate\\Foundation\\Application))
#21 /Users/roman/ws/sandbox/salla/Laravel-Challange-aadshalshihry-5857/vendor/laravel/framework/src/Illuminate/Foundation/Console/Kernel.php(428): Illuminate\\Foundation\\Application->bootstrapWith(Array)
#22 /Users/roman/ws/sandbox/salla/Laravel-Challange-aadshalshihry-5857/vendor/laravel/framework/src/Illuminate/Foundation/Console/Kernel.php(198): Illuminate\\Foundation\\Console\\Kernel->bootstrap()
#23 /Users/roman/ws/sandbox/salla/Laravel-Challange-aadshalshihry-5857/artisan(37): Illuminate\\Foundation\\Console\\Kernel->handle(Object(Symfony\\Component\\Console\\Input\\ArgvInput), Object(Symfony\\Component\\Console\\Output\\ConsoleOutput))
#24 {main}

[previous exception] [object] (ReflectionException(code: -1): Class \"App\\Http\\Kernel\" does not exist at /Users/roman/ws/sandbox/salla/Laravel-Challange-aadshalshihry-5857/vendor/laravel/framework/src/Illuminate/Container/Container.php:889)
[stacktrace]
#0 /Users/roman/ws/sandbox/salla/Laravel-Challange-aadshalshihry-5857/vendor/laravel/framework/src/Illuminate/Container/Container.php(889): ReflectionClass->__construct('App\\\\Http\\\\Kernel')
#1 /Users/roman/ws/sandbox/salla/Laravel-Challange-aadshalshihry-5857/vendor/laravel/framework/src/Illuminate/Container/Container.php(770): Illuminate\\Container\\Container->build('App\\\\Http\\\\Kernel')
#2 /Users/roman/ws/sandbox/salla/Laravel-Challange-aadshalshihry-5857/vendor/laravel/framework/src/Illuminate/Foundation/Application.php(933): Illuminate\\Container\\Container->resolve('App\\\\Http\\\\Kernel', Array, false)
#3 /Users/roman/ws/sandbox/salla/Laravel-Challange-aadshalshihry-5857/vendor/laravel/framework/src/Illuminate/Container/Container.php(296): Illuminate\\Foundation\\Application->resolve('App\\\\Http\\\\Kernel', Array, false)
#4 /Users/roman/ws/sandbox/salla/Laravel-Challange-aadshalshihry-5857/vendor/laravel/framework/src/Illuminate/Container/Container.php(885): Illuminate\\Container\\Container->Illuminate\\Container\\{closure}(Object(Illuminate\\Foundation\\Application), Array)
#5 /Users/roman/ws/sandbox/salla/Laravel-Challange-aadshalshihry-5857/vendor/laravel/framework/src/Illuminate/Container/Container.php(770): Illuminate\\Container\\Container->build(Object(Closure))
#6 /Users/roman/ws/sandbox/salla/Laravel-Challange-aadshalshihry-5857/vendor/laravel/framework/src/Illuminate/Foundation/Application.php(933): Illuminate\\Container\\Container->resolve('Illuminate\\\\Cont...', Array, true)
#7 /Users/roman/ws/sandbox/salla/Laravel-Challange-aadshalshihry-5857/vendor/laravel/framework/src/Illuminate/Container/Container.php(706): Illuminate\\Foundation\\Application->resolve('Illuminate\\\\Cont...', Array)
#8 /Users/roman/ws/sandbox/salla/Laravel-Challange-aadshalshihry-5857/vendor/laravel/framework/src/Illuminate/Foundation/Application.php(918): Illuminate\\Container\\Container->make('Illuminate\\\\Cont...', Array)
#9 /Users/roman/ws/sandbox/salla/Laravel-Challange-aadshalshihry-5857/vendor/laravel/sanctum/src/SanctumServiceProvider.php(133): Illuminate\\Foundation\\Application->make('Illuminate\\\\Cont...')
#10 /Users/roman/ws/sandbox/salla/Laravel-Challange-aadshalshihry-5857/vendor/laravel/sanctum/src/SanctumServiceProvider.php(60): Laravel\\Sanctum\\SanctumServiceProvider->configureMiddleware()
#11 /Users/roman/ws/sandbox/salla/Laravel-Challange-aadshalshihry-5857/vendor/laravel/framework/src/Illuminate/Container/BoundMethod.php(36): Laravel\\Sanctum\\SanctumServiceProvider->boot()
#12 /Users/roman/ws/sandbox/salla/Laravel-Challange-aadshalshihry-5857/vendor/laravel/framework/src/Illuminate/Container/Util.php(41): Illuminate\\Container\\BoundMethod::Illuminate\\Container\\{closure}()
#13 /Users/roman/ws/sandbox/salla/Laravel-Challange-aadshalshihry-5857/vendor/laravel/framework/src/Illuminate/Container/BoundMethod.php(93): Illuminate\\Container\\Util::unwrapIfClosure(Object(Closure))
#14 /Users/roman/ws/sandbox/salla/Laravel-Challange-aadshalshihry-5857/vendor/laravel/framework/src/Illuminate/Container/BoundMethod.php(37): Illuminate\\Container\\BoundMethod::callBoundMethod(Object(Illuminate\\Foundation\\Application), Array, Object(Closure))
#15 /Users/roman/ws/sandbox/salla/Laravel-Challange-aadshalshihry-5857/vendor/laravel/framework/src/Illuminate/Container/Container.php(661): Illuminate\\Container\\BoundMethod::call(Object(Illuminate\\Foundation\\Application), Array, Array, NULL)
#16 /Users/roman/ws/sandbox/salla/Laravel-Challange-aadshalshihry-5857/vendor/laravel/framework/src/Illuminate/Foundation/Application.php(1006): Illuminate\\Container\\Container->call(Array)
#17 /Users/roman/ws/sandbox/salla/Laravel-Challange-aadshalshihry-5857/vendor/laravel/framework/src/Illuminate/Foundation/Application.php(987): Illuminate\\Foundation\\Application->bootProvider(Object(Laravel\\Sanctum\\SanctumServiceProvider))
#18 [internal function]: Illuminate\\Foundation\\Application->Illuminate\\Foundation\\{closure}(Object(Laravel\\Sanctum\\SanctumServiceProvider), 15)
#19 /Users/roman/ws/sandbox/salla/Laravel-Challange-aadshalshihry-5857/vendor/laravel/framework/src/Illuminate/Foundation/Application.php(988): array_walk(Array, Object(Closure))
#20 /Users/roman/ws/sandbox/salla/Laravel-Challange-aadshalshihry-5857/vendor/laravel/framework/src/Illuminate/Foundation/Bootstrap/BootProviders.php(17): Illuminate\\Foundation\\Application->boot()
#21 /Users/roman/ws/sandbox/salla/Laravel-Challange-aadshalshihry-5857/vendor/laravel/framework/src/Illuminate/Foundation/Application.php(261): Illuminate\\Foundation\\Bootstrap\\BootProviders->bootstrap(Object(Illuminate\\Foundation\\Application))
#22 /Users/roman/ws/sandbox/salla/Laravel-Challange-aadshalshihry-5857/vendor/laravel/framework/src/Illuminate/Foundation/Console/Kernel.php(428): Illuminate\\Foundation\\Application->bootstrapWith(Array)
#23 /Users/roman/ws/sandbox/salla/Laravel-Challange-aadshalshihry-5857/vendor/laravel/framework/src/Illuminate/Foundation/Console/Kernel.php(198): Illuminate\\Foundation\\Console\\Kernel->bootstrap()
#24 /Users/roman/ws/sandbox/salla/Laravel-Challange-aadshalshihry-5857/artisan(37): Illuminate\\Foundation\\Console\\Kernel->handle(Object(Symfony\\Component\\Console\\Input\\ArgvInput), Object(Symfony\\Component\\Console\\Output\\ConsoleOutput))
#25 {main}
"} 
[2023-03-28 16:15:56] production.ERROR: require(/Users/roman/ws/sandbox/salla/Laravel-Challange-aadshalshihry-5857/routes/api.php): Failed to open stream: No such file or directory {"exception":"[object] (ErrorException(code: 0): require(/Users/roman/ws/sandbox/salla/Laravel-Challange-aadshalshihry-5857/routes/api.php): Failed to open stream: No such file or directory at /Users/roman/ws/sandbox/salla/Laravel-Challange-aadshalshihry-5857/vendor/laravel/framework/src/Illuminate/Routing/RouteFileRegistrar.php:35)
[stacktrace]
#0 /Users/roman/ws/sandbox/salla/Laravel-Challange-aadshalshihry-5857/vendor/laravel/framework/src/Illuminate/Foundation/Bootstrap/HandleExceptions.php(250): Illuminate\\Foundation\\Bootstrap\\HandleExceptions->handleError(2, 'require(/Users/...', '/Users/roman/ws...', 35)
#1 /Users/roman/ws/sandbox/salla/Laravel-Challange-aadshalshihry-5857/vendor/laravel/framework/src/Illuminate/Routing/RouteFileRegistrar.php(35): Illuminate\\Foundation\\Bootstrap\\HandleExceptions->Illuminate\\Foundation\\Bootstrap\\{closure}(2, 'require(/Users/...', '/Users/roman/ws...', 35)
#2 /Users/roman/ws/sandbox/salla/Laravel-Challange-aadshalshihry-5857/vendor/laravel/framework/src/Illuminate/Routing/RouteFileRegistrar.php(35): require('/Users/roman/ws...')
#3 /Users/roman/ws/sandbox/salla/Laravel-Challange-aadshalshihry-5857/vendor/laravel/framework/src/Illuminate/Routing/Router.php(503): Illuminate\\Routing\\RouteFileRegistrar->register('/Users/roman/ws...')
#4 /Users/roman/ws/sandbox/salla/Laravel-Challange-aadshalshihry-5857/vendor/laravel/framework/src/Illuminate/Routing/Router.php(457): Illuminate\\Routing\\Router->loadRoutes('/Users/roman/ws...')
#5 /Users/roman/ws/sandbox/salla/Laravel-Challange-aadshalshihry-5857/vendor/laravel/framework/src/Illuminate/Routing/RouteRegistrar.php(192): Illuminate\\Routing\\Router->group(Array, '/Users/roman/ws...')
#6 /Users/roman/ws/sandbox/salla/Laravel-Challange-aadshalshihry-5857/app/Providers/RouteServiceProvider.php(32): Illuminate\\Routing\\RouteRegistrar->group('/Users/roman/ws...')
#7 /Users/roman/ws/sandbox/salla/Laravel-Challange-aadshalshihry-5857/vendor/laravel/framework/src/Illuminate/Container/BoundMethod.php(36): App\\Providers\\RouteServiceProvider->App\\Providers\\{closure}()
#8 /Users/roman/ws/sandbox/salla/Laravel-Challange-aadshalshihry-5857/vendor/laravel/framework/src/Illuminate/Container/Util.php(41): Illuminate\\Container\\BoundMethod::Illuminate\\Container\\{closure}()
#9 /Users/roman/ws/sandbox/salla/Laravel-Challange-aadshalshihry-5857/vendor/laravel/framework/src/Illuminate/Container/BoundMethod.php(81): Illuminate\\Container\\Util::unwrapIfClosure(Object(Closure))
#10 /Users/roman/ws/sandbox/salla/Laravel-Challange-aadshalshihry-5857/vendor/laravel/framework/src/Illuminate/Container/BoundMethod.php(37): Illuminate\\Container\\BoundMethod::callBoundMethod(Object(Illuminate\\Foundation\\Application), Object(Closure), Object(Closure))
#11 /Users/roman/ws/sandbox/salla/Laravel-Challange-aadshalshihry-5857/vendor/laravel/framework/src/Illuminate/Container/Container.php(661): Illuminate\\Container\\BoundMethod::call(Object(Illuminate\\Foundation\\Application), Object(Closure), Array, NULL)
#12 /Users/roman/ws/sandbox/salla/Laravel-Challange-aadshalshihry-5857/vendor/laravel/framework/src/Illuminate/Foundation/Support/Providers/RouteServiceProvider.php(120): Illuminate\\Container\\Container->call(Object(Closure))
#13 /Users/roman/ws/sandbox/salla/Laravel-Challange-aadshalshihry-5857/vendor/laravel/framework/src/Illuminate/Foundation/Support/Providers/RouteServiceProvider.php(45): Illuminate\\Foundation\\Support\\Providers\\RouteServiceProvider->loadRoutes()
#14 /Users/roman/ws/sandbox/salla/Laravel-Challange-aadshalshihry-5857/vendor/laravel/framework/src/Illuminate/Container/BoundMethod.php(36): Illuminate\\Foundation\\Support\\Providers\\RouteServiceProvider->Illuminate\\Foundation\\Support\\Providers\\{closure}()
#15 /Users/roman/ws/sandbox/salla/Laravel-Challange-aadshalshihry-5857/vendor/laravel/framework/src/Illuminate/Container/Util.php(41): Illuminate\\Container\\BoundMethod::Illuminate\\Container\\{closure}()
#16 /Users/roman/ws/sandbox/salla/Laravel-Challange-aadshalshihry-5857/vendor/laravel/framework/src/Illuminate/Container/BoundMethod.php(81): Illuminate\\Container\\Util::unwrapIfClosure(Object(Closure))
#17 /Users/roman/ws/sandbox/salla/Laravel-Challange-aadshalshihry-5857/vendor/laravel/framework/src/Illuminate/Container/BoundMethod.php(37): Illuminate\\Container\\BoundMethod::callBoundMethod(Object(Illuminate\\Foundation\\Application), Object(Closure), Object(Closure))
#18 /Users/roman/ws/sandbox/salla/Laravel-Challange-aadshalshihry-5857/vendor/laravel/framework/src/Illuminate/Container/Container.php(661): Illuminate\\Container\\BoundMethod::call(Object(Illuminate\\Foundation\\Application), Object(Closure), Array, NULL)
#19 /Users/roman/ws/sandbox/salla/Laravel-Challange-aadshalshihry-5857/vendor/laravel/framework/src/Illuminate/Support/ServiceProvider.php(119): Illuminate\\Container\\Container->call(Object(Closure))
#20 /Users/roman/ws/sandbox/salla/Laravel-Challange-aadshalshihry-5857/vendor/laravel/framework/src/Illuminate/Foundation/Application.php(1009): Illuminate\\Support\\ServiceProvider->callBootedCallbacks()
#21 /Users/roman/ws/sandbox/salla/Laravel-Challange-aadshalshihry-5857/vendor/laravel/framework/src/Illuminate/Foundation/Application.php(987): Illuminate\\Foundation\\Application->bootProvider(Object(App\\Providers\\RouteServiceProvider))
#22 [internal function]: Illuminate\\Foundation\\Application->Illuminate\\Foundation\\{closure}(Object(App\\Providers\\RouteServiceProvider), 23)
#23 /Users/roman/ws/sandbox/salla/Laravel-Challange-aadshalshihry-5857/vendor/laravel/framework/src/Illuminate/Foundation/Application.php(988): array_walk(Array, Object(Closure))
#24 /Users/roman/ws/sandbox/salla/Laravel-Challange-aadshalshihry-5857/vendor/laravel/framework/src/Illuminate/Foundation/Bootstrap/BootProviders.php(17): Illuminate\\Foundation\\Application->boot()
#25 /Users/roman/ws/sandbox/salla/Laravel-Challange-aadshalshihry-5857/vendor/laravel/framework/src/Illuminate/Foundation/Application.php(261): Illuminate\\Foundation\\Bootstrap\\BootProviders->bootstrap(Object(Illuminate\\Foundation\\Application))
#26 /Users/roman/ws/sandbox/salla/Laravel-Challange-aadshalshihry-5857/vendor/laravel/framework/src/Illuminate/Foundation/Console/Kernel.php(428): Illuminate\\Foundation\\Application->bootstrapWith(Array)
#27 /Users/roman/ws/sandbox/salla/Laravel-Challange-aadshalshihry-5857/vendor/laravel/framework/src/Illuminate/Foundation/Console/Kernel.php(198): Illuminate\\Foundation\\Console\\Kernel->bootstrap()
#28 /Users/roman/ws/sandbox/salla/Laravel-Challange-aadshalshihry-5857/artisan(37): Illuminate\\Foundation\\Console\\Kernel->handle(Object(Symfony\\Component\\Console\\Input\\ArgvInput), Object(Symfony\\Component\\Console\\Output\\ConsoleOutput))
#29 {main}
"} 
[2023-03-28 16:16:42] production.ERROR: require(/Users/roman/ws/sandbox/salla/Laravel-Challange-aadshalshihry-5857/routes/console.php): Failed to open stream: No such file or directory {"exception":"[object] (ErrorException(code: 0): require(/Users/roman/ws/sandbox/salla/Laravel-Challange-aadshalshihry-5857/routes/console.php): Failed to open stream: No such file or directory at /Users/roman/ws/sandbox/salla/Laravel-Challange-aadshalshihry-5857/app/Console/Kernel.php:41)
[stacktrace]
#0 /Users/roman/ws/sandbox/salla/Laravel-Challange-aadshalshihry-5857/vendor/laravel/framework/src/Illuminate/Foundation/Bootstrap/HandleExceptions.php(250): Illuminate\\Foundation\\Bootstrap\\HandleExceptions->handleError(2, 'require(/Users/...', '/Users/roman/ws...', 41)
#1 /Users/roman/ws/sandbox/salla/Laravel-Challange-aadshalshihry-5857/app/Console/Kernel.php(41): Illuminate\\Foundation\\Bootstrap\\HandleExceptions->Illuminate\\Foundation\\Bootstrap\\{closure}(2, 'require(/Users/...', '/Users/roman/ws...', 41)
#2 /Users/roman/ws/sandbox/salla/Laravel-Challange-aadshalshihry-5857/app/Console/Kernel.php(41): require('/Users/roman/ws...')
#3 /Users/roman/ws/sandbox/salla/Laravel-Challange-aadshalshihry-5857/vendor/laravel/framework/src/Illuminate/Foundation/Console/Kernel.php(434): App\\Console\\Kernel->commands()
#4 /Users/roman/ws/sandbox/salla/Laravel-Challange-aadshalshihry-5857/vendor/laravel/framework/src/Illuminate/Foundation/Console/Kernel.php(198): Illuminate\\Foundation\\Console\\Kernel->bootstrap()
#5 /Users/roman/ws/sandbox/salla/Laravel-Challange-aadshalshihry-5857/artisan(37): Illuminate\\Foundation\\Console\\Kernel->handle(Object(Symfony\\Component\\Console\\Input\\ArgvInput), Object(Symfony\\Component\\Console\\Output\\ConsoleOutput))
#6 {main}
"} 
